{"D:\\Dev-Web\\m-book\\src\\__test__\\users.js": {"path":"D:\\Dev-Web\\m-book\\src\\__test__\\users.js","statementMap":{"0":{"start":{"line":4,"column":8},"end":{"line":14,"column":9}},"1":{"start":{"line":5,"column":12},"end":{"line":11,"column":13}},"2":{"start":{"line":6,"column":16},"end":{"line":6,"column":54}},"3":{"start":{"line":7,"column":19},"end":{"line":11,"column":13}},"4":{"start":{"line":8,"column":16},"end":{"line":8,"column":54}},"5":{"start":{"line":10,"column":16},"end":{"line":10,"column":44}},"6":{"start":{"line":13,"column":12},"end":{"line":13,"column":50}}},"fnMap":{"0":{"name":"(anonymous_0)","decl":{"start":{"line":3,"column":4},"end":{"line":3,"column":5}},"loc":{"start":{"line":3,"column":16},"end":{"line":15,"column":5}},"line":3}},"branchMap":{"0":{"loc":{"start":{"line":4,"column":8},"end":{"line":14,"column":9}},"type":"if","locations":[{"start":{"line":4,"column":8},"end":{"line":14,"column":9}},{"start":{"line":4,"column":8},"end":{"line":14,"column":9}}],"line":4},"1":{"loc":{"start":{"line":5,"column":12},"end":{"line":11,"column":13}},"type":"if","locations":[{"start":{"line":5,"column":12},"end":{"line":11,"column":13}},{"start":{"line":5,"column":12},"end":{"line":11,"column":13}}],"line":5},"2":{"loc":{"start":{"line":7,"column":19},"end":{"line":11,"column":13}},"type":"if","locations":[{"start":{"line":7,"column":19},"end":{"line":11,"column":13}},{"start":{"line":7,"column":19},"end":{"line":11,"column":13}}],"line":7}},"s":{"0":8,"1":8,"2":3,"3":5,"4":1,"5":4,"6":0},"f":{"0":8},"b":{"0":[8,0],"1":[3,5],"2":[1,4]},"_coverageSchema":"1a1c01bbd47fc00a2c39e90264f33305004495a9","hash":"ca96fe9d8de9be0e2457227b5d6c23a711b6603c"}
}
